<?xml version="1.0" encoding="UTF-8"?>
<!-- Generated by org.testng.reporters.JUnitXMLReporter -->
<testsuite hostname="user" ignored="0" name="chromebrowser" tests="2" failures="1" timestamp="2023-05-29T11:46:13 IST" time="39.779" errors="0">
  <testcase name="admin_can_view_the_appointment" time="0.021" classname="typractice.Admin_can_view_the_appointment">
    <failure type="java.io.FileNotFoundException" message=".\src\test\resources\comman.properties (The system cannot find the file specified)">
      <![CDATA[java.io.FileNotFoundException: .\src\test\resources\comman.properties (The system cannot find the file specified)
at java.io.FileInputStream.open0(Native Method)
at java.io.FileInputStream.open(FileInputStream.java:195)
at java.io.FileInputStream.<init>(FileInputStream.java:138)
at java.io.FileInputStream.<init>(FileInputStream.java:93)
at typractice.Admin_can_view_the_appointment.admin_can_view_the_appointment(Admin_can_view_the_appointment.java:26)
at java.util.concurrent.ThreadPoolExecutor.runWorker(ThreadPoolExecutor.java:1149)
at java.util.concurrent.ThreadPoolExecutor$Worker.run(ThreadPoolExecutor.java:624)
at java.lang.Thread.run(Thread.java:748)
... Removed 12 stack frames]]>
    </failure>
  </testcase> <!-- admin_can_view_the_appointment -->
  <testcase name="AddingPatientMdedicalHistory" time="39.689" classname="typractice.AddingPatientMadicalHistory"/>
</testsuite> <!-- chromebrowser -->
